#
# There is insufficient memory for the Java Runtime Environment to continue.
# Native memory allocation (malloc) failed to allocate 1048576 bytes for AllocateHeap
# Possible reasons:
#   The system is out of physical RAM or swap space
#   In 32 bit mode, the process size limit was hit
# Possible solutions:
#   Reduce memory load on the system
#   Increase physical memory or swap space
#   Check if swap backing store is full
#   Use 64 bit Java on a 64 bit OS
#   Decrease Java heap size (-Xmx/-Xms)
#   Decrease number of Java threads
#   Decrease Java thread stack sizes (-Xss)
#   Set larger code cache with -XX:ReservedCodeCacheSize=
# This output file may be truncated or incomplete.
#
#  Out of Memory Error (memory/allocation.inline.hpp:61), pid=16524, tid=0x00000000000040a4
#
# JRE version:  (8.0_121-b13) (build )
# Java VM: Java HotSpot(TM) 64-Bit Server VM (25.121-b13 mixed mode windows-amd64 compressed oops)
# Failed to write core dump. Minidumps are not enabled by default on client versions of Windows
#

---------------  T H R E A D  ---------------

Current thread (0x0000000001d40800):  JavaThread "Unknown thread" [_thread_in_vm, id=16548, stack(0x0000000001b70000,0x0000000001c70000)]

Stack: [0x0000000001b70000,0x0000000001c70000]
[error occurred during error reporting (printing stack bounds), id 0xc0000005]

Native frames: (J=compiled Java code, j=interpreted, Vv=VM code, C=native code)


---------------  P R O C E S S  ---------------

Java Threads: ( => current thread )

Other Threads:

=>0x0000000001d40800 (exited) JavaThread "Unknown thread" [_thread_in_vm, id=16548, stack(0x0000000001b70000,0x0000000001c70000)]

VM state:not at safepoint (normal execution)

VM Mutex/Monitor currently owned by a thread: None

Heap:
 PSYoungGen      total 33280K, used 573K [0x00000000daf80000, 0x00000000dd480000, 0x0000000100000000)
  eden space 28672K, 2% used [0x00000000daf80000,0x00000000db00f5d0,0x00000000dcb80000)
  from space 4608K, 0% used [0x00000000dd000000,0x00000000dd000000,0x00000000dd480000)
  to   space 4608K, 0% used [0x00000000dcb80000,0x00000000dcb80000,0x00000000dd000000)
 ParOldGen       total 76800K, used 0K [0x0000000090e00000, 0x0000000095900000, 0x00000000daf80000)
  object space 76800K, 0% used [0x0000000090e00000,0x0000000090e00000,0x0000000095900000)
 Metaspace       used 746K, capacity 4480K, committed 4480K, reserved 1056768K
  class space    used 75K, capacity 384K, committed 384K, reserved 1048576K

Card table byte_map: [0x0000000011200000,0x0000000011580000] byte_map_base: 0x0000000010d79000

Marking Bits: (ParMarkBitMap*) 0x00000000614cb6d0
 Begin Bits: [0x0000000011be0000, 0x00000000137a8000)
 End Bits:   [0x00000000137a8000, 0x0000000015370000)

Polling page: 0x00000000003a0000

CodeCache: size=245760Kb used=328Kb max_used=328Kb free=245431Kb
 bounds [0x0000000001e40000, 0x00000000020b0000, 0x0000000010e40000]
 total_blobs=58 nmethods=0 adapters=38
 compilation: enabled

Compilation events (0 events):
No events

GC Heap History (0 events):
No events

Deoptimization events (0 events):
No events

Internal exceptions (0 events):
No events

Events (10 events):
Event: 0.516 loading class java/lang/Short
Event: 0.516 loading class java/lang/Short done
Event: 0.516 loading class java/lang/Integer
Event: 0.516 loading class java/lang/Integer done
Event: 0.516 loading class java/lang/Long
Event: 0.516 loading class java/lang/Long done
Event: 0.516 loading class java/lang/NullPointerException
Event: 0.516 loading class java/lang/NullPointerException done
Event: 0.516 loading class java/lang/ArithmeticException
Event: 0.516 loading class java/lang/ArithmeticException done


Dynamic libraries:
0x00007ff6baa10000 - 0x00007ff6baa47000 	C:\Program Files\Java\jre1.8.0_121\bin\javaw.exe
0x00007ffcb1480000 - 0x00007ffcb1629000 	C:\WINDOWS\SYSTEM32\ntdll.dll
0x00007ffcaefb0000 - 0x00007ffcaf0ea000 	C:\WINDOWS\system32\KERNEL32.DLL
0x00007ffcaec00000 - 0x00007ffcaed0f000 	C:\WINDOWS\system32\KERNELBASE.dll
0x00007ffcaf260000 - 0x00007ffcaf305000 	C:\WINDOWS\system32\ADVAPI32.dll
0x00007ffcb0b50000 - 0x00007ffcb0cc1000 	C:\WINDOWS\system32\USER32.dll
0x00007ffcabc30000 - 0x00007ffcabe8a000 	C:\WINDOWS\WinSxS\amd64_microsoft.windows.common-controls_6595b64144ccf1df_6.0.9600.16384_none_62475f7becb72503\COMCTL32.dll
0x00007ffcaf0f0000 - 0x00007ffcaf197000 	C:\WINDOWS\system32\msvcrt.dll
0x00007ffcaed10000 - 0x00007ffcaed67000 	C:\WINDOWS\SYSTEM32\sechost.dll
0x00007ffcb0cd0000 - 0x00007ffcb0e06000 	C:\WINDOWS\system32\RPCRT4.dll
0x00007ffcaf490000 - 0x00007ffcaf5d5000 	C:\WINDOWS\system32\GDI32.dll
0x00007ffcaf5e0000 - 0x00007ffcaf614000 	C:\WINDOWS\system32\IMM32.DLL
0x00007ffcb1190000 - 0x00007ffcb12c9000 	C:\WINDOWS\system32\MSCTF.dll
0x0000000060a10000 - 0x0000000060ae2000 	C:\Program Files\Java\jre1.8.0_121\bin\msvcr100.dll
0x0000000060cb0000 - 0x000000006154b000 	C:\Program Files\Java\jre1.8.0_121\bin\server\jvm.dll
0x00007ffcacf40000 - 0x00007ffcacf49000 	C:\WINDOWS\SYSTEM32\WSOCK32.dll
0x00007ffcab0a0000 - 0x00007ffcab0bf000 	C:\WINDOWS\SYSTEM32\WINMM.dll
0x00007ffca70b0000 - 0x00007ffca70ba000 	C:\WINDOWS\SYSTEM32\VERSION.dll
0x00007ffcb1180000 - 0x00007ffcb1187000 	C:\WINDOWS\system32\PSAPI.DLL
0x00007ffcb0ed0000 - 0x00007ffcb0f28000 	C:\WINDOWS\system32\WS2_32.dll
0x00007ffcaaf80000 - 0x00007ffcaafaa000 	C:\WINDOWS\SYSTEM32\WINMMBASE.dll
0x00007ffcaf250000 - 0x00007ffcaf259000 	C:\WINDOWS\system32\NSI.dll
0x00007ffcae8d0000 - 0x00007ffcae91a000 	C:\WINDOWS\SYSTEM32\cfgmgr32.dll
0x00007ffcad680000 - 0x00007ffcad6a6000 	C:\WINDOWS\SYSTEM32\DEVOBJ.dll
0x0000000060bc0000 - 0x0000000060bcf000 	C:\Program Files\Java\jre1.8.0_121\bin\verify.dll
0x0000000060b90000 - 0x0000000060bb9000 	C:\Program Files\Java\jre1.8.0_121\bin\java.dll
0x0000000060b70000 - 0x0000000060b86000 	C:\Program Files\Java\jre1.8.0_121\bin\zip.dll

VM Arguments:
jvm_args: -Dfile.encoding=Cp1252 
java_command: Tela
java_class_path (initial): C:\Users\DJ-Habner\workspace\Quiz\bin
Launcher Type: SUN_STANDARD

Environment Variables:
JAVA_HOME=C:\Program Files\Java\jdk1.7.0_80
PATH=C:/Program Files/Java/jre1.8.0_121/bin/server;C:/Program Files/Java/jre1.8.0_121/bin;C:/Program Files/Java/jre1.8.0_121/lib/amd64;C:\ProgramData\Oracle\Java\javapath;C:\WINDOWS\system32;C:\WINDOWS;C:\WINDOWS\System32\Wbem;C:\WINDOWS\System32\WindowsPowerShell\v1.0\;C:\Program Files (x86)\Skype\Phone\;C:\Program Files (x86)\GtkSharp\2.12\bin;C:\Program Files\Java\jdk1.7.0_80\bin;C:\eclipse;
USERNAME=DJ-Habner
OS=Windows_NT
PROCESSOR_IDENTIFIER=Intel64 Family 6 Model 60 Stepping 3, GenuineIntel



---------------  S Y S T E M  ---------------

OS: Windows 8.1 , 64 bit Build 9600 (6.3.9600.16384)

CPU:total 4 (2 cores per cpu, 2 threads per core) family 6 model 60 stepping 3, cmov, cx8, fxsr, mmx, sse, sse2, sse3, ssse3, sse4.1, sse4.2, popcnt, avx, avx2, aes, clmul, erms, lzcnt, ht, tsc, tscinvbit, bmi1, bmi2

Memory: 4k page, physical 7278552k(1526468k free), swap 29298648k(5804k free)

vm_info: Java HotSpot(TM) 64-Bit Server VM (25.121-b13) for windows-amd64 JRE (1.8.0_121-b13), built on Dec 12 2016 18:21:36 by "java_re" with MS VC++ 10.0 (VS2010)

time: Wed Oct 25 16:17:40 2017
elapsed time: 0 seconds (0d 0h 0m 0s)

